

lib\guarana\themes\nokia\base\images\arrow-down-small-active.png
lib\guarana\themes\nokia\base\images\arrow-down-small.png
lib\guarana\themes\nokia\base\images\arrow-down.png
lib\guarana\themes\nokia\base\images\arrow-left-highlight.png
lib\guarana\themes\nokia\base\images\arrow-left-small.png
lib\guarana\themes\nokia\base\images\arrow-left.png
lib\guarana\themes\nokia\base\images\arrow-right-highlight.png
lib\guarana\themes\nokia\base\images\arrow-right-small.png
lib\guarana\themes\nokia\base\images\arrow-right.png
lib\guarana\themes\nokia\base\images\bg_color.png
lib\guarana\themes\nokia\base\images\bg_shadows-horizontal.png
lib\guarana\themes\nokia\base\images\bg_shadows.png
lib\guarana\themes\nokia\base\images\busyindicator.gif
lib\guarana\themes\nokia\base\images\calendar.png
lib\guarana\themes\nokia\base\images\checkbox.png
lib\guarana\themes\nokia\base\images\datepicker.png
lib\guarana\themes\nokia\base\images\icon_back.png
lib\guarana\themes\nokia\base\images\icon_close.png
lib\guarana\themes\nokia\base\images\icon_home.png
lib\guarana\themes\nokia\base\images\icon_options.png
lib\guarana\themes\nokia\base\images\icon_search.png
lib\guarana\themes\nokia\base\images\imagedescription.png
lib\guarana\themes\nokia\base\images\line_vertical.png
lib\guarana\themes\nokia\base\images\radiobox.png
lib\guarana\themes\nokia\base\images\rating.png
lib\guarana\themes\nokia\base\images\scroll.png
lib\guarana\themes\nokia\base\images\shadow-c.png
lib\guarana\themes\nokia\base\images\shadow-lr.png
lib\guarana\themes\nokia\base\images\shadow.png
lib\guarana\themes\nokia\base\images\top_bg_effects.png
lib\guarana\themes\nokia\base\images\unselected.png
lib\guarana\themes\nokia\ext-theme\default\240x320
lib\guarana\themes\nokia\ext-theme\default\360x640
lib\guarana\themes\nokia\ext-theme\default\240x320\custom.css
lib\guarana\themes\nokia\ext-theme\default\240x320\images
lib\guarana\themes\nokia\ext-theme\default\240x320\images\arrow-down-small-active.png
lib\guarana\themes\nokia\ext-theme\default\240x320\images\arrow-down-small.png
lib\guarana\themes\nokia\ext-theme\default\240x320\images\arrow-down.png
lib\guarana\themes\nokia\ext-theme\default\240x320\images\arrow-left-highlight.png
lib\guarana\themes\nokia\ext-theme\default\240x320\images\arrow-left-small.png
lib\guarana\themes\nokia\ext-theme\default\240x320\images\arrow-left.png
lib\guarana\themes\nokia\ext-theme\default\240x320\images\arrow-right-highlight.png
lib\guarana\themes\nokia\ext-theme\default\240x320\images\arrow-right-small.png
lib\guarana\themes\nokia\ext-theme\default\240x320\images\arrow-right.png
lib\guarana\themes\nokia\ext-theme\default\240x320\images\bg_shadows-horizontal.png
lib\guarana\themes\nokia\ext-theme\default\240x320\images\bg_shadows.png
lib\guarana\themes\nokia\ext-theme\default\240x320\images\busyindicator.gif
lib\guarana\themes\nokia\ext-theme\default\240x320\images\calendar.png
lib\guarana\themes\nokia\ext-theme\default\240x320\images\checkbox.png
lib\guarana\themes\nokia\ext-theme\default\240x320\images\datepicker.png
lib\guarana\themes\nokia\ext-theme\default\240x320\images\icon_back.png
lib\guarana\themes\nokia\ext-theme\default\240x320\images\icon_close.png
lib\guarana\themes\nokia\ext-theme\default\240x320\images\icon_home.png
lib\guarana\themes\nokia\ext-theme\default\240x320\images\icon_options.png
lib\guarana\themes\nokia\ext-theme\default\240x320\images\icon_search.png
lib\guarana\themes\nokia\ext-theme\default\240x320\images\imagedescription.png
lib\guarana\themes\nokia\ext-theme\default\240x320\images\line_vertical.png
lib\guarana\themes\nokia\ext-theme\default\240x320\images\radiobox.png
lib\guarana\themes\nokia\ext-theme\default\240x320\images\rating.png
lib\guarana\themes\nokia\ext-theme\default\240x320\images\scroll.png
lib\guarana\themes\nokia\ext-theme\default\240x320\images\shadow-c.png
lib\guarana\themes\nokia\ext-theme\default\240x320\images\shadow-lr.png
lib\guarana\themes\nokia\ext-theme\default\240x320\images\shadow.png
lib\guarana\themes\nokia\ext-theme\default\240x320\images\top_bg_effects.png
lib\guarana\themes\nokia\ext-theme\default\240x320\images\unselected.png
lib\guarana\themes\nokia\ext-theme\default\360x640\custom.css
lib\guarana\themes\nokia\ext-theme\maemo5\800x480\custom.css
lib\guarana\themes\nokia\ext-theme\maemo5\800x480\images
lib\guarana\themes\nokia\ext-theme\maemo5\800x480\images\arrow-down-small.png
lib\guarana\themes\nokia\ext-theme\maemo5\800x480\images\arrow-down.png
lib\guarana\themes\nokia\ext-theme\maemo5\800x480\images\arrow-left-highlight.png
lib\guarana\themes\nokia\ext-theme\maemo5\800x480\images\arrow-left-small.png
lib\guarana\themes\nokia\ext-theme\maemo5\800x480\images\arrow-left.png
lib\guarana\themes\nokia\ext-theme\maemo5\800x480\images\arrow-left.png.old
lib\guarana\themes\nokia\ext-theme\maemo5\800x480\images\arrow-right-highlight.png
lib\guarana\themes\nokia\ext-theme\maemo5\800x480\images\arrow-right-small.png
lib\guarana\themes\nokia\ext-theme\maemo5\800x480\images\arrow-right.png
lib\guarana\themes\nokia\ext-theme\maemo5\800x480\images\arrow-right.png.old
lib\guarana\themes\nokia\ext-theme\maemo5\800x480\images\bg-menu.png
lib\guarana\themes\nokia\ext-theme\maemo5\800x480\images\blue-arrow-horizontal.png
lib\guarana\themes\nokia\ext-theme\maemo5\800x480\images\blue-arrow-vertical.png
lib\guarana\themes\nokia\ext-theme\maemo5\800x480\images\calendar.png
lib\guarana\themes\nokia\ext-theme\maemo5\800x480\images\checkbox.png
lib\guarana\themes\nokia\ext-theme\maemo5\800x480\images\datepicker.png
lib\guarana\themes\nokia\ext-theme\maemo5\800x480\images\imagedescription.png
lib\guarana\themes\nokia\ext-theme\maemo5\800x480\images\menu-trigger.png
lib\guarana\themes\nokia\ext-theme\maemo5\800x480\images\radiobox.png
lib\guarana\themes\nokia\ext-theme\maemo5\800x480\images\rating.png
lib\guarana\themes\nokia\ext-theme\maemo5\800x480\images\scroll.png
lib\guarana\themes\themeroller\default-theme\Themeroller.css
lib\guarana\themes\themeroller\default-theme\ui.accordion.css
lib\guarana\themes\themeroller\default-theme\ui.all.css
lib\guarana\themes\themeroller\default-theme\ui.base.css
lib\guarana\themes\themeroller\default-theme\ui.core.css
lib\guarana\themes\themeroller\default-theme\ui.theme.css
lib\guarana\themes\themeroller\default-theme\images\loader.gif
lib\guarana\themes\themeroller\default-theme\images\ui-bg_diagonals-thick_10_444444_40x40.png
lib\guarana\themes\themeroller\default-theme\images\ui-bg_flat_0_000000_40x100.png
lib\guarana\themes\themeroller\default-theme\images\ui-bg_glass_100_c2cba5_640x400.png
lib\guarana\themes\themeroller\default-theme\images\ui-bg_glass_100_f0f0f0_640x400.png
lib\guarana\themes\themeroller\default-theme\images\ui-bg_glass_20_9f1504_640x400.png
lib\guarana\themes\themeroller\default-theme\images\ui-bg_glass_40_8ab61c_640x400.png
lib\guarana\themes\themeroller\default-theme\images\ui-bg_glass_55_8ab61c_640x400.png
lib\guarana\themes\themeroller\default-theme\images\ui-bg_highlight-hard_80_ededed_640x100.png
lib\guarana\themes\themeroller\default-theme\images\ui-bg_highlight-soft_100_ededed_640x100.png
lib\guarana\themes\themeroller\default-theme\images\ui-icons_222222_256x240.png
lib\guarana\themes\themeroller\default-theme\images\ui-icons_89bf43_256x240.png
lib\guarana\themes\themeroller\default-theme\images\ui-icons_97B72B_256x240.png
lib\guarana\themes\themeroller\default-theme\images\ui-icons_e3bfb5_256x240.png
lib\guarana\themes\themeroller\default-theme\images\ui-icons_ffffff_256x240.png
lib\guarana\themes\themeroller\maemo5-theme\Themeroller.css
lib\guarana\themes\themeroller\maemo5-theme\ui.accordion.css
lib\guarana\themes\themeroller\maemo5-theme\ui.all.css
lib\guarana\themes\themeroller\maemo5-theme\ui.base.css
lib\guarana\themes\themeroller\maemo5-theme\ui.core.css
lib\guarana\themes\themeroller\maemo5-theme\ui.theme.css
lib\guarana\themes\themeroller\maemo5-theme\images\ui-bg_diagonals-thick_10_444444_40x40.png
lib\guarana\themes\themeroller\maemo5-theme\images\ui-bg_flat_0_000000_40x100.png
lib\guarana\themes\themeroller\maemo5-theme\images\ui-bg_flat_10_2a2a2a_40x100.png
lib\guarana\themes\themeroller\maemo5-theme\images\ui-bg_glass_20_9f1504_640x400.png
lib\guarana\themes\themeroller\maemo5-theme\images\ui-bg_highlight-hard_20_393939_640x100.png
lib\guarana\themes\themeroller\maemo5-theme\images\ui-bg_highlight-soft_20_393939_640x100.png
lib\guarana\themes\themeroller\maemo5-theme\images\ui-bg_inset-soft_80_0088f0_640x100.png
lib\guarana\themes\themeroller\maemo5-theme\images\ui-icons_222222_256x240.png
lib\guarana\themes\themeroller\maemo5-theme\images\ui-icons_e3bfb5_256x240.png
lib\guarana\themes\themeroller\maemo5-theme\images\ui-icons_ffffff_256x240.png
